a:6:{s:3:"row";i:1;s:7:"message";s:59:"Basic version does not support import of variable products.";s:6:"status";b:0;s:10:"status_msg";s:14:"Failed/Skipped";s:7:"post_id";s:0:"";s:9:"post_link";a:2:{s:5:"title";s:8:"Untitled";s:8:"edit_url";b:0;}}
a:6:{s:3:"row";i:2;s:7:"message";s:59:"Basic version does not support import of variable products.";s:6:"status";b:0;s:10:"status_msg";s:14:"Failed/Skipped";s:7:"post_id";s:0:"";s:9:"post_link";a:2:{s:5:"title";s:8:"Untitled";s:8:"edit_url";b:0;}}
a:6:{s:3:"row";i:3;s:7:"message";s:61:"Importing Product(ID) conflicts with an existing post. ID: 46";s:6:"status";b:0;s:10:"status_msg";s:14:"Failed/Skipped";s:7:"post_id";s:0:"";s:9:"post_link";a:2:{s:5:"title";s:8:"Untitled";s:8:"edit_url";b:0;}}
a:6:{s:3:"row";i:4;s:7:"message";s:61:"Importing Product(ID) conflicts with an existing post. ID: 47";s:6:"status";b:0;s:10:"status_msg";s:14:"Failed/Skipped";s:7:"post_id";s:0:"";s:9:"post_link";a:2:{s:5:"title";s:8:"Untitled";s:8:"edit_url";b:0;}}
a:6:{s:3:"row";i:5;s:7:"message";s:61:"Importing Product(ID) conflicts with an existing post. ID: 48";s:6:"status";b:0;s:10:"status_msg";s:14:"Failed/Skipped";s:7:"post_id";s:0:"";s:9:"post_link";a:2:{s:5:"title";s:8:"Untitled";s:8:"edit_url";b:0;}}
a:6:{s:3:"row";i:6;s:7:"message";s:30:"Product imported successfully.";s:6:"status";b:1;s:10:"status_msg";s:7:"Success";s:7:"post_id";i:644;s:9:"post_link";a:2:{s:8:"edit_url";s:66:"http://localhost/p_shop/wp-admin/post.php?post=644&amp;action=edit";s:5:"title";s:4:"Belt";}}
a:6:{s:3:"row";i:7;s:7:"message";s:30:"Product imported successfully.";s:6:"status";b:1;s:10:"status_msg";s:7:"Success";s:7:"post_id";i:646;s:9:"post_link";a:2:{s:8:"edit_url";s:66:"http://localhost/p_shop/wp-admin/post.php?post=646&amp;action=edit";s:5:"title";s:3:"Cap";}}
a:6:{s:3:"row";i:8;s:7:"message";s:30:"Product imported successfully.";s:6:"status";b:1;s:10:"status_msg";s:7:"Success";s:7:"post_id";i:648;s:9:"post_link";a:2:{s:8:"edit_url";s:66:"http://localhost/p_shop/wp-admin/post.php?post=648&amp;action=edit";s:5:"title";s:10:"Sunglasses";}}
a:6:{s:3:"row";i:9;s:7:"message";s:30:"Product imported successfully.";s:6:"status";b:1;s:10:"status_msg";s:7:"Success";s:7:"post_id";i:64;s:9:"post_link";a:2:{s:8:"edit_url";s:65:"http://localhost/p_shop/wp-admin/post.php?post=64&amp;action=edit";s:5:"title";s:18:"Hoodie with Pocket";}}
a:6:{s:3:"row";i:10;s:7:"message";s:30:"Product imported successfully.";s:6:"status";b:1;s:10:"status_msg";s:7:"Success";s:7:"post_id";i:651;s:9:"post_link";a:2:{s:8:"edit_url";s:66:"http://localhost/p_shop/wp-admin/post.php?post=651&amp;action=edit";s:5:"title";s:18:"Hoodie with Zipper";}}
a:6:{s:3:"row";i:11;s:7:"message";s:30:"Product imported successfully.";s:6:"status";b:1;s:10:"status_msg";s:7:"Success";s:7:"post_id";i:653;s:9:"post_link";a:2:{s:8:"edit_url";s:66:"http://localhost/p_shop/wp-admin/post.php?post=653&amp;action=edit";s:5:"title";s:15:"Long Sleeve Tee";}}
a:6:{s:3:"row";i:12;s:7:"message";s:30:"Product imported successfully.";s:6:"status";b:1;s:10:"status_msg";s:7:"Success";s:7:"post_id";i:655;s:9:"post_link";a:2:{s:8:"edit_url";s:66:"http://localhost/p_shop/wp-admin/post.php?post=655&amp;action=edit";s:5:"title";s:4:"Polo";}}
a:6:{s:3:"row";i:13;s:7:"message";s:61:"Importing Product(ID) conflicts with an existing post. ID: 73";s:6:"status";b:0;s:10:"status_msg";s:14:"Failed/Skipped";s:7:"post_id";s:0:"";s:9:"post_link";a:2:{s:5:"title";s:8:"Untitled";s:8:"edit_url";b:0;}}
a:6:{s:3:"row";i:14;s:7:"message";s:50:"Invalid product type simple, downloadable, virtual";s:6:"status";b:0;s:10:"status_msg";s:14:"Failed/Skipped";s:7:"post_id";s:0:"";s:9:"post_link";a:2:{s:5:"title";s:8:"Untitled";s:8:"edit_url";b:0;}}
a:6:{s:3:"row";i:15;s:7:"message";s:60:"Basic version does not support import of variation products.";s:6:"status";b:0;s:10:"status_msg";s:14:"Failed/Skipped";s:7:"post_id";s:0:"";s:9:"post_link";a:2:{s:5:"title";s:8:"Untitled";s:8:"edit_url";b:0;}}
a:6:{s:3:"row";i:16;s:7:"message";s:60:"Basic version does not support import of variation products.";s:6:"status";b:0;s:10:"status_msg";s:14:"Failed/Skipped";s:7:"post_id";s:0:"";s:9:"post_link";a:2:{s:5:"title";s:8:"Untitled";s:8:"edit_url";b:0;}}
a:6:{s:3:"row";i:17;s:7:"message";s:60:"Basic version does not support import of variation products.";s:6:"status";b:0;s:10:"status_msg";s:14:"Failed/Skipped";s:7:"post_id";s:0:"";s:9:"post_link";a:2:{s:5:"title";s:8:"Untitled";s:8:"edit_url";b:0;}}
a:6:{s:3:"row";i:18;s:7:"message";s:60:"Basic version does not support import of variation products.";s:6:"status";b:0;s:10:"status_msg";s:14:"Failed/Skipped";s:7:"post_id";s:0:"";s:9:"post_link";a:2:{s:5:"title";s:8:"Untitled";s:8:"edit_url";b:0;}}
a:6:{s:3:"row";i:19;s:7:"message";s:60:"Basic version does not support import of variation products.";s:6:"status";b:0;s:10:"status_msg";s:14:"Failed/Skipped";s:7:"post_id";s:0:"";s:9:"post_link";a:2:{s:5:"title";s:8:"Untitled";s:8:"edit_url";b:0;}}
a:6:{s:3:"row";i:20;s:7:"message";s:60:"Basic version does not support import of variation products.";s:6:"status";b:0;s:10:"status_msg";s:14:"Failed/Skipped";s:7:"post_id";s:0:"";s:9:"post_link";a:2:{s:5:"title";s:8:"Untitled";s:8:"edit_url";b:0;}}
a:6:{s:3:"row";i:21;s:7:"message";s:30:"Product imported successfully.";s:6:"status";b:1;s:10:"status_msg";s:7:"Success";s:7:"post_id";i:657;s:9:"post_link";a:2:{s:8:"edit_url";s:66:"http://localhost/p_shop/wp-admin/post.php?post=657&amp;action=edit";s:5:"title";s:17:"T-Shirt with Logo";}}
a:6:{s:3:"row";i:22;s:7:"message";s:30:"Product imported successfully.";s:6:"status";b:1;s:10:"status_msg";s:7:"Success";s:7:"post_id";i:659;s:9:"post_link";a:2:{s:8:"edit_url";s:66:"http://localhost/p_shop/wp-admin/post.php?post=659&amp;action=edit";s:5:"title";s:16:"Beanie with Logo";}}
a:6:{s:3:"row";i:23;s:7:"message";s:30:"Product imported successfully.";s:6:"status";b:1;s:10:"status_msg";s:7:"Success";s:7:"post_id";i:661;s:9:"post_link";a:2:{s:8:"edit_url";s:66:"http://localhost/p_shop/wp-admin/post.php?post=661&amp;action=edit";s:5:"title";s:15:"Logo Collection";}}
a:6:{s:3:"row";i:24;s:7:"message";s:30:"Product imported successfully.";s:6:"status";b:1;s:10:"status_msg";s:7:"Success";s:7:"post_id";i:664;s:9:"post_link";a:2:{s:8:"edit_url";s:66:"http://localhost/p_shop/wp-admin/post.php?post=664&amp;action=edit";s:5:"title";s:17:"WordPress Pennant";}}
a:6:{s:3:"row";i:25;s:7:"message";s:60:"Basic version does not support import of variation products.";s:6:"status";b:0;s:10:"status_msg";s:14:"Failed/Skipped";s:7:"post_id";s:0:"";s:9:"post_link";a:2:{s:5:"title";s:8:"Untitled";s:8:"edit_url";b:0;}}
