10-11-2024 @ 02:57:52 - ---[ New import started at 2024-10-10 19:57:52 ] PHP Memory: 128 MB, WP Memory: 40 MB
10-11-2024 @ 02:57:52 - Preparing for import.
10-11-2024 @ 02:57:52 - Row :1 - Parsing item.
10-11-2024 @ 02:57:52 - Row :1 - Processing item.
10-11-2024 @ 02:57:52 - Found simple product object. ID:177
10-11-2024 @ 02:57:52 - Setting Featured Image. URL:http://localhost/p_shop/wp-content/uploads/2024/03/img-02-c.jpg
10-11-2024 @ 02:57:52 - Attachment ID:81
10-11-2024 @ 02:57:52 - Setting Gallery Images.
10-11-2024 @ 02:57:52 - Image URL:http://localhost/p_shop/wp-content/uploads/2024/03/img-03-a.jpg
10-11-2024 @ 02:57:52 - Attachment ID:82
10-11-2024 @ 02:57:52 - Image URL:http://localhost/p_shop/wp-content/uploads/2024/03/img-03-b.jpg
10-11-2024 @ 02:57:52 - Attachment ID:83
10-11-2024 @ 02:57:52 - Row :1 - Product updated successfully.
10-11-2024 @ 02:57:52 - Row :2 - Parsing item.
10-11-2024 @ 02:57:52 - Importing as new product ID:10176806
10-11-2024 @ 02:57:52 - Row :2 - Processing item.
10-11-2024 @ 02:57:52 - Found simple product object. ID:10176806
10-11-2024 @ 02:57:52 - Setting Featured Image. URL:http://localhost/p_shop/wp-content/uploads/2024/10/image3 (1).jpg
10-11-2024 @ 02:57:53 - Attachment ID:10176807
10-11-2024 @ 02:57:53 - Row :2 - Product imported successfully.
10-11-2024 @ 02:57:53 - Row :3 - Parsing item.
10-11-2024 @ 02:57:53 - Importing as new product ID:10176808
10-11-2024 @ 02:57:53 - Row :3 - Processing item.
10-11-2024 @ 02:57:53 - Found simple product object. ID:10176808
10-11-2024 @ 02:57:53 - Setting Featured Image. URL:http://localhost/p_shop/wp-content/uploads/2024/20/image3 (2).jpg
10-11-2024 @ 02:58:03 - URL:http://localhost/p_shop/wp-content/uploads/2024/20/image3 (2).jpg Reason:Error getting remote image
10-11-2024 @ 02:58:03 - Row :3 - Product imported successfully.
10-11-2024 @ 02:58:03 - Row :4 - Parsing item.
10-11-2024 @ 02:58:03 - Importing as new product ID:10176809
10-11-2024 @ 02:58:03 - Row :4 - Processing item.
10-11-2024 @ 02:58:03 - Found simple product object. ID:10176809
10-11-2024 @ 02:58:03 - Setting Featured Image. URL:http://localhost/p_shop/wp-content/uploads/2024/10/image1 (61).jpg
10-11-2024 @ 02:58:10 - URL:http://localhost/p_shop/wp-content/uploads/2024/10/image1 (61).jpg Reason:Error getting remote image
10-11-2024 @ 02:58:11 - Row :4 - Product imported successfully.
10-11-2024 @ 02:58:11 - Row :5 - Parsing item.
10-11-2024 @ 02:58:11 - Row :5 - Processing item.
10-11-2024 @ 02:58:11 - Found simple product object. ID:101206
10-11-2024 @ 02:58:11 - Setting Featured Image. URL:http://localhost/p_shop/wp-content/uploads/2024/10/image2 (1).jpg
10-11-2024 @ 02:58:12 - Attachment ID:10176810
10-11-2024 @ 02:58:12 - Row :5 - Product updated successfully.
10-11-2024 @ 02:58:12 - Row :6 - Parsing item.
10-11-2024 @ 02:58:12 - Row :6 - Processing item.
10-11-2024 @ 02:58:12 - Found simple product object. ID:101470
10-11-2024 @ 02:58:12 - Setting Featured Image. URL:http://localhost/p_shop/wp-content/uploads/2024/10/image2 (2).jpg
10-11-2024 @ 02:58:13 - Attachment ID:10176811
10-11-2024 @ 02:58:14 - Row :6 - Product updated successfully.
10-11-2024 @ 02:58:14 - Row :7 - Parsing item.
10-11-2024 @ 02:58:14 - Row :7 - Processing item.
10-11-2024 @ 02:58:14 - Found simple product object. ID:101473
10-11-2024 @ 02:58:14 - Setting Featured Image. URL:http://localhost/p_shop/wp-content/uploads/2024/10/image2 (3).jpg
10-11-2024 @ 02:58:15 - Attachment ID:10176812
10-11-2024 @ 02:58:15 - Row :7 - Product updated successfully.
10-11-2024 @ 02:58:15 - Row :8 - Parsing item.
10-11-2024 @ 02:58:15 - Row :8 - Processing item.
10-11-2024 @ 02:58:15 - Found simple product object. ID:1008342
10-11-2024 @ 02:58:15 - Setting Featured Image. URL:http://localhost/p_shop/wp-content/uploads/2024/10/image1 (1).jpg
10-11-2024 @ 02:58:15 - Attachment ID:10176813
10-11-2024 @ 02:58:15 - Row :8 - Product updated successfully.
10-11-2024 @ 02:58:15 - Row :9 - Parsing item.
10-11-2024 @ 02:58:15 - Row :9 - Processing item.
10-11-2024 @ 02:58:15 - Found simple product object. ID:1008343
10-11-2024 @ 02:58:15 - Setting Featured Image. URL:http://localhost/p_shop/wp-content/uploads/2024/10/image1 (2).jpg
10-11-2024 @ 02:58:16 - Attachment ID:10176814
10-11-2024 @ 02:58:16 - Row :9 - Product updated successfully.
10-11-2024 @ 02:58:16 - Row :10 - Parsing item.
10-11-2024 @ 02:58:16 - Row :10 - Processing item.
10-11-2024 @ 02:58:16 - Found simple product object. ID:1008344
10-11-2024 @ 02:58:16 - Setting Featured Image. URL:http://localhost/p_shop/wp-content/uploads/2024/10/image1 (3).jpg
10-11-2024 @ 02:58:16 - Attachment ID:10176815
10-11-2024 @ 02:58:16 - Row :10 - Product updated successfully.
10-11-2024 @ 02:58:16 - Row :11 - Parsing item.
10-11-2024 @ 02:58:16 - Row :11 - Processing item.
10-11-2024 @ 02:58:16 - Found simple product object. ID:1008977
10-11-2024 @ 02:58:16 - Setting Featured Image. URL:http://localhost/p_shop/wp-content/uploads/2024/10/image1 (4).jpg
10-11-2024 @ 02:58:16 - Attachment ID:10176816
10-11-2024 @ 02:58:16 - Row :11 - Product updated successfully.
10-11-2024 @ 02:58:16 - Row :12 - Parsing item.
10-11-2024 @ 02:58:16 - Row :12 - Processing item.
10-11-2024 @ 02:58:16 - Found simple product object. ID:1008979
10-11-2024 @ 02:58:16 - Setting Featured Image. URL:http://localhost/p_shop/wp-content/uploads/2024/10/image1 (5).jpg
10-11-2024 @ 02:58:17 - Attachment ID:10176817
10-11-2024 @ 02:58:17 - Row :12 - Product updated successfully.
10-11-2024 @ 02:58:17 - Row :13 - Parsing item.
10-11-2024 @ 02:58:17 - Row :13 - Processing item.
10-11-2024 @ 02:58:17 - Found simple product object. ID:1008981
10-11-2024 @ 02:58:17 - Setting Featured Image. URL:http://localhost/p_shop/wp-content/uploads/2024/10/image1 (6).jpg
10-11-2024 @ 02:58:17 - Attachment ID:10176818
10-11-2024 @ 02:58:17 - Row :13 - Product updated successfully.
10-11-2024 @ 02:58:17 - Row :14 - Parsing item.
10-11-2024 @ 02:58:17 - Row :14 - Processing item.
10-11-2024 @ 02:58:17 - Found simple product object. ID:1008985
10-11-2024 @ 02:58:17 - Setting Featured Image. URL:http://localhost/p_shop/wp-content/uploads/2024/10/image1 (7).jpg
10-11-2024 @ 02:58:17 - Attachment ID:10176819
10-11-2024 @ 02:58:17 - Row :14 - Product updated successfully.
10-11-2024 @ 02:58:17 - Row :15 - Parsing item.
10-11-2024 @ 02:58:17 - Row :15 - Processing item.
10-11-2024 @ 02:58:17 - Found simple product object. ID:1009000
10-11-2024 @ 02:58:17 - Setting Featured Image. URL:http://localhost/p_shop/wp-content/uploads/2024/10/image1 (8).jpg
10-11-2024 @ 02:58:18 - Attachment ID:10176820
10-11-2024 @ 02:58:18 - Row :15 - Product updated successfully.
10-11-2024 @ 02:58:18 - Row :16 - Parsing item.
10-11-2024 @ 02:58:18 - Row :16 - Processing item.
10-11-2024 @ 02:58:18 - Found simple product object. ID:1009002
10-11-2024 @ 02:58:18 - Setting Featured Image. URL:http://localhost/p_shop/wp-content/uploads/2024/10/image1 (9).jpg
10-11-2024 @ 02:58:18 - Attachment ID:10176821
10-11-2024 @ 02:58:18 - Row :16 - Product updated successfully.
10-11-2024 @ 02:58:18 - Row :17 - Parsing item.
10-11-2024 @ 02:58:18 - Row :17 - Processing item.
10-11-2024 @ 02:58:18 - Found simple product object. ID:1009347
10-11-2024 @ 02:58:18 - Setting Featured Image. URL:http://localhost/p_shop/wp-content/uploads/2024/10/image1 (10).jpg
10-11-2024 @ 02:58:18 - Attachment ID:10176822
10-11-2024 @ 02:58:18 - Row :17 - Product updated successfully.
10-11-2024 @ 02:58:18 - Row :18 - Parsing item.
10-11-2024 @ 02:58:18 - Row :18 - Processing item.
10-11-2024 @ 02:58:18 - Found simple product object. ID:1009364
10-11-2024 @ 02:58:18 - Setting Featured Image. URL:http://localhost/p_shop/wp-content/uploads/2024/10/image1 (11).jpg
10-11-2024 @ 02:58:18 - Attachment ID:10176823
10-11-2024 @ 02:58:18 - Row :18 - Product updated successfully.
10-11-2024 @ 02:58:18 - Row :19 - Parsing item.
10-11-2024 @ 02:58:18 - Row :19 - Processing item.
10-11-2024 @ 02:58:18 - Found simple product object. ID:1009385
10-11-2024 @ 02:58:18 - Setting Featured Image. URL:http://localhost/p_shop/wp-content/uploads/2024/10/image1 (12).jpg
10-11-2024 @ 02:58:19 - Attachment ID:10176824
10-11-2024 @ 02:58:19 - Row :19 - Product updated successfully.
10-11-2024 @ 02:58:19 - Row :20 - Parsing item.
10-11-2024 @ 02:58:19 - Row :20 - Processing item.
10-11-2024 @ 02:58:19 - Found simple product object. ID:1009547
10-11-2024 @ 02:58:19 - Setting Featured Image. URL:http://localhost/p_shop/wp-content/uploads/2024/10/image1 (13).jpg
10-11-2024 @ 02:58:19 - Attachment ID:10176825
10-11-2024 @ 02:58:19 - Row :20 - Product updated successfully.
10-11-2024 @ 02:58:19 - Row :21 - Parsing item.
10-11-2024 @ 02:58:19 - Row :21 - Processing item.
10-11-2024 @ 02:58:19 - Found simple product object. ID:1009557
10-11-2024 @ 02:58:19 - Setting Featured Image. URL:http://localhost/p_shop/wp-content/uploads/2024/10/image1 (14).jpg
10-11-2024 @ 02:58:19 - Attachment ID:10176826
10-11-2024 @ 02:58:19 - Row :21 - Product updated successfully.
10-11-2024 @ 02:58:19 - Row :22 - Parsing item.
10-11-2024 @ 02:58:19 - Row :22 - Processing item.
10-11-2024 @ 02:58:19 - Found simple product object. ID:1009680
10-11-2024 @ 02:58:19 - Setting Featured Image. URL:http://localhost/p_shop/wp-content/uploads/2024/10/image1 (15).jpg
10-11-2024 @ 02:58:19 - Attachment ID:10176827
10-11-2024 @ 02:58:20 - Row :22 - Product updated successfully.
10-11-2024 @ 02:58:20 - Row :23 - Parsing item.
10-11-2024 @ 02:58:20 - Row :23 - Processing item.
10-11-2024 @ 02:58:20 - Found simple product object. ID:1010018
10-11-2024 @ 02:58:20 - Setting Featured Image. URL:http://localhost/p_shop/wp-content/uploads/2024/10/image1 (16).jpg
10-11-2024 @ 02:58:20 - Attachment ID:10176828
10-11-2024 @ 02:58:20 - Row :23 - Product updated successfully.
10-11-2024 @ 02:58:20 - Row :24 - Parsing item.
10-11-2024 @ 02:58:20 - Row :24 - Processing item.
10-11-2024 @ 02:58:20 - Found simple product object. ID:1010437
10-11-2024 @ 02:58:20 - Setting Featured Image. URL:http://localhost/p_shop/wp-content/uploads/2024/10/image1 (126).jpg
10-11-2024 @ 02:58:27 - URL:http://localhost/p_shop/wp-content/uploads/2024/10/image1 (126).jpg Reason:Error getting remote image
10-11-2024 @ 02:58:27 - Row :24 - Product updated successfully.
10-11-2024 @ 02:58:27 - Row :25 - Parsing item.
10-11-2024 @ 02:58:27 - Row :25 - Processing item.
10-11-2024 @ 02:58:27 - Found simple product object. ID:1010438
10-11-2024 @ 02:58:27 - Setting Featured Image. URL:http://localhost/p_shop/wp-content/uploads/2024/10/image1 (18).jpg
10-11-2024 @ 02:58:27 - Attachment ID:10176829
10-11-2024 @ 02:58:28 - Row :25 - Product updated successfully.
10-11-2024 @ 02:58:28 - Row :26 - Parsing item.
10-11-2024 @ 02:58:28 - Row :26 - Processing item.
10-11-2024 @ 02:58:28 - Found simple product object. ID:1010439
10-11-2024 @ 02:58:28 - Setting Featured Image. URL:http://localhost/p_shop/wp-content/uploads/2024/10/image2 (4).jpg
10-11-2024 @ 02:58:28 - Attachment ID:10176830
10-11-2024 @ 02:58:28 - Row :26 - Product updated successfully.
10-11-2024 @ 02:58:28 - Row :27 - Parsing item.
10-11-2024 @ 02:58:28 - Row :27 - Processing item.
10-11-2024 @ 02:58:28 - Found simple product object. ID:1010440
10-11-2024 @ 02:58:28 - Setting Featured Image. URL:http://localhost/p_shop/wp-content/uploads/2024/30/image3 (3).jpg
10-11-2024 @ 02:58:35 - URL:http://localhost/p_shop/wp-content/uploads/2024/30/image3 (3).jpg Reason:Error getting remote image
10-11-2024 @ 02:58:35 - Row :27 - Product updated successfully.
10-11-2024 @ 02:58:35 - Row :28 - Parsing item.
10-11-2024 @ 02:58:35 - Row :28 - Processing item.
10-11-2024 @ 02:58:35 - Found simple product object. ID:1010441
10-11-2024 @ 02:58:35 - Setting Featured Image. URL:http://localhost/p_shop/wp-content/uploads/2024/70/image3 (7).jpg
10-11-2024 @ 02:58:43 - URL:http://localhost/p_shop/wp-content/uploads/2024/70/image3 (7).jpg Reason:Error getting remote image
10-11-2024 @ 02:58:43 - Row :28 - Product updated successfully.
10-11-2024 @ 02:58:43 - Row :29 - Parsing item.
10-11-2024 @ 02:58:43 - Row :29 - Processing item.
10-11-2024 @ 02:58:43 - Found simple product object. ID:1010442
10-11-2024 @ 02:58:43 - Setting Featured Image. URL:http://localhost/p_shop/wp-content/uploads/2024/10/image2 (5).jpg
10-11-2024 @ 02:58:44 - Attachment ID:10176831
10-11-2024 @ 02:58:44 - Row :29 - Product updated successfully.
10-11-2024 @ 02:58:44 - Row :30 - Parsing item.
10-11-2024 @ 02:58:44 - Row :30 - Processing item.
10-11-2024 @ 02:58:44 - Found simple product object. ID:1010447
10-11-2024 @ 02:58:44 - Setting Featured Image. URL:http://localhost/p_shop/wp-content/uploads/2024/10/image1 (19).jpg
10-11-2024 @ 02:58:45 - Attachment ID:10176832
10-11-2024 @ 02:58:45 - Row :30 - Product updated successfully.
10-11-2024 @ 02:58:48 - Preparing for import.
10-11-2024 @ 02:58:48 - Row :31 - Parsing item.
10-11-2024 @ 02:58:48 - Row :31 - Processing item.
10-11-2024 @ 02:58:48 - Found simple product object. ID:1010448
10-11-2024 @ 02:58:48 - Setting Featured Image. URL:http://localhost/p_shop/wp-content/uploads/2024/10/image1 (20).jpg
10-11-2024 @ 02:58:48 - Attachment ID:10176833
10-11-2024 @ 02:58:48 - Row :31 - Product updated successfully.
10-11-2024 @ 02:58:48 - Row :32 - Parsing item.
10-11-2024 @ 02:58:48 - Row :32 - Processing item.
10-11-2024 @ 02:58:48 - Found simple product object. ID:1010450
10-11-2024 @ 02:58:48 - Setting Featured Image. URL:http://localhost/p_shop/wp-content/uploads/2024/10/image1 (21).jpg
10-11-2024 @ 02:58:48 - Attachment ID:10176834
10-11-2024 @ 02:58:49 - Row :32 - Product updated successfully.
10-11-2024 @ 02:58:49 - Row :33 - Parsing item.
10-11-2024 @ 02:58:49 - Row :33 - Processing item.
10-11-2024 @ 02:58:49 - Found simple product object. ID:1010452
10-11-2024 @ 02:58:49 - Setting Featured Image. URL:http://localhost/p_shop/wp-content/uploads/2024/10/image1 (22).jpg
10-11-2024 @ 02:58:49 - Attachment ID:10176835
10-11-2024 @ 02:58:49 - Row :33 - Product updated successfully.
10-11-2024 @ 02:58:49 - Row :34 - Parsing item.
10-11-2024 @ 02:58:49 - Row :34 - Processing item.
10-11-2024 @ 02:58:49 - Found simple product object. ID:1010453
10-11-2024 @ 02:58:49 - Setting Featured Image. URL:http://localhost/p_shop/wp-content/uploads/2024/10/image1 (23).jpg
10-11-2024 @ 02:58:49 - Attachment ID:10176836
10-11-2024 @ 02:58:49 - Row :34 - Product updated successfully.
10-11-2024 @ 02:58:49 - Row :35 - Parsing item.
10-11-2024 @ 02:58:49 - Row :35 - Processing item.
10-11-2024 @ 02:58:49 - Found simple product object. ID:1010467
10-11-2024 @ 02:58:49 - Setting Featured Image. URL:http://localhost/p_shop/wp-content/uploads/2024/10/image1 (24).jpg
10-11-2024 @ 02:58:49 - Attachment ID:10176837
10-11-2024 @ 02:58:49 - Row :35 - Product updated successfully.
10-11-2024 @ 02:58:49 - Row :36 - Parsing item.
10-11-2024 @ 02:58:49 - Row :36 - Processing item.
10-11-2024 @ 02:58:49 - Found simple product object. ID:1010476
10-11-2024 @ 02:58:49 - Setting Featured Image. URL:http://localhost/p_shop/wp-content/uploads/2024/10/image1 (125).jpg
10-11-2024 @ 02:58:57 - URL:http://localhost/p_shop/wp-content/uploads/2024/10/image1 (125).jpg Reason:Error getting remote image
10-11-2024 @ 02:58:57 - Row :36 - Product updated successfully.
10-11-2024 @ 02:58:57 - Row :37 - Parsing item.
10-11-2024 @ 02:58:57 - Row :37 - Processing item.
10-11-2024 @ 02:58:57 - Found simple product object. ID:1010478
10-11-2024 @ 02:58:57 - Setting Featured Image. URL:http://localhost/p_shop/wp-content/uploads/2024/10/image1 (26).jpg
10-11-2024 @ 02:58:58 - Attachment ID:10176838
10-11-2024 @ 02:58:59 - Row :37 - Product updated successfully.
10-11-2024 @ 02:58:59 - Row :38 - Parsing item.
10-11-2024 @ 02:58:59 - Row :38 - Processing item.
10-11-2024 @ 02:58:59 - Found simple product object. ID:1010483
10-11-2024 @ 02:58:59 - Setting Featured Image. URL:http://localhost/p_shop/wp-content/uploads/2024/10/image1 (124).jpg
10-11-2024 @ 02:59:07 - URL:http://localhost/p_shop/wp-content/uploads/2024/10/image1 (124).jpg Reason:Error getting remote image
10-11-2024 @ 02:59:07 - Row :38 - Product updated successfully.
10-11-2024 @ 02:59:07 - Row :39 - Parsing item.
10-11-2024 @ 02:59:07 - Row :39 - Processing item.
10-11-2024 @ 02:59:07 - Found simple product object. ID:1010498
10-11-2024 @ 02:59:07 - Setting Featured Image. URL:http://localhost/p_shop/wp-content/uploads/2024/10/image1 (28).jpg
10-11-2024 @ 02:59:08 - Attachment ID:10176839
10-11-2024 @ 02:59:08 - Row :39 - Product updated successfully.
10-11-2024 @ 02:59:08 - Row :40 - Parsing item.
10-11-2024 @ 02:59:08 - Row :40 - Processing item.
10-11-2024 @ 02:59:08 - Found simple product object. ID:1010500
10-11-2024 @ 02:59:08 - Setting Featured Image. URL:http://localhost/p_shop/wp-content/uploads/2024/10/image1 (29).jpg
10-11-2024 @ 02:59:10 - Attachment ID:10176840
10-11-2024 @ 02:59:10 - Row :40 - Product updated successfully.
10-11-2024 @ 02:59:10 - Row :41 - Parsing item.
10-11-2024 @ 02:59:10 - Row :41 - Processing item.
10-11-2024 @ 02:59:10 - Found simple product object. ID:1010508
10-11-2024 @ 02:59:10 - Setting Featured Image. URL:http://localhost/p_shop/wp-content/uploads/2024/10/image1 (30).jpg
10-11-2024 @ 02:59:11 - Attachment ID:10176841
10-11-2024 @ 02:59:11 - Row :41 - Product updated successfully.
10-11-2024 @ 02:59:11 - Row :42 - Parsing item.
10-11-2024 @ 02:59:11 - Row :42 - Processing item.
10-11-2024 @ 02:59:11 - Found simple product object. ID:1010542
10-11-2024 @ 02:59:11 - Setting Featured Image. URL:http://localhost/p_shop/wp-content/uploads/2024/10/image1 (31).jpg
10-11-2024 @ 02:59:11 - Attachment ID:10176842
10-11-2024 @ 02:59:12 - Row :42 - Product updated successfully.
10-11-2024 @ 02:59:12 - Row :43 - Parsing item.
10-11-2024 @ 02:59:12 - Row :43 - Processing item.
10-11-2024 @ 02:59:12 - Found simple product object. ID:1010546
10-11-2024 @ 02:59:12 - Setting Featured Image. URL:http://localhost/p_shop/wp-content/uploads/2024/10/image1 (123).jpg
10-11-2024 @ 02:59:20 - URL:http://localhost/p_shop/wp-content/uploads/2024/10/image1 (123).jpg Reason:Error getting remote image
10-11-2024 @ 02:59:20 - Row :43 - Product updated successfully.
10-11-2024 @ 02:59:20 - Row :44 - Parsing item.
10-11-2024 @ 02:59:20 - Row :44 - Processing item.
10-11-2024 @ 02:59:20 - Found simple product object. ID:1010554
10-11-2024 @ 02:59:20 - Setting Featured Image. URL:http://localhost/p_shop/wp-content/uploads/2024/10/image1 (33).jpg
10-11-2024 @ 02:59:21 - Attachment ID:10176843
10-11-2024 @ 02:59:21 - Row :44 - Product updated successfully.
10-11-2024 @ 02:59:21 - Row :45 - Parsing item.
10-11-2024 @ 02:59:21 - Row :45 - Processing item.
10-11-2024 @ 02:59:21 - Found simple product object. ID:1010627
10-11-2024 @ 02:59:21 - Setting Featured Image. URL:http://localhost/p_shop/wp-content/uploads/2024/10/image1 (34).jpg
10-11-2024 @ 02:59:22 - Attachment ID:10176844
10-11-2024 @ 02:59:23 - Row :45 - Product updated successfully.
10-11-2024 @ 02:59:23 - Row :46 - Parsing item.
10-11-2024 @ 02:59:23 - Row :46 - Processing item.
10-11-2024 @ 02:59:23 - Found simple product object. ID:1010682
10-11-2024 @ 02:59:23 - Setting Featured Image. URL:http://localhost/p_shop/wp-content/uploads/2024/10/image1 (35).jpg
10-11-2024 @ 02:59:24 - Attachment ID:10176845
10-11-2024 @ 02:59:24 - Row :46 - Product updated successfully.
10-11-2024 @ 02:59:24 - Row :47 - Parsing item.
10-11-2024 @ 02:59:24 - Row :47 - Processing item.
10-11-2024 @ 02:59:24 - Found simple product object. ID:1010692
10-11-2024 @ 02:59:24 - Setting Featured Image. URL:http://localhost/p_shop/wp-content/uploads/2024/10/image1 (36).jpg
10-11-2024 @ 02:59:24 - Attachment ID:10176846
10-11-2024 @ 02:59:24 - Row :47 - Product updated successfully.
10-11-2024 @ 02:59:24 - Row :48 - Parsing item.
10-11-2024 @ 02:59:24 - Row :48 - Processing item.
10-11-2024 @ 02:59:24 - Found simple product object. ID:1010941
10-11-2024 @ 02:59:24 - Setting Featured Image. URL:http://localhost/p_shop/wp-content/uploads/2024/10/image1 (37).jpg
10-11-2024 @ 02:59:25 - Attachment ID:10176847
10-11-2024 @ 02:59:25 - Row :48 - Product updated successfully.
10-11-2024 @ 02:59:25 - Row :49 - Parsing item.
10-11-2024 @ 02:59:25 - Row :49 - Processing item.
10-11-2024 @ 02:59:25 - Found simple product object. ID:1010960
10-11-2024 @ 02:59:25 - Setting Featured Image. URL:http://localhost/p_shop/wp-content/uploads/2024/10/image2 (6).jpg
10-11-2024 @ 02:59:25 - Attachment ID:10176848
10-11-2024 @ 02:59:25 - Row :49 - Product updated successfully.
10-11-2024 @ 02:59:25 - Row :50 - Parsing item.
10-11-2024 @ 02:59:25 - Row :50 - Processing item.
10-11-2024 @ 02:59:25 - Found simple product object. ID:1011481
10-11-2024 @ 02:59:25 - Setting Featured Image. URL:http://localhost/p_shop/wp-content/uploads/2024/90/image3 (9).jpg
10-11-2024 @ 02:59:33 - URL:http://localhost/p_shop/wp-content/uploads/2024/90/image3 (9).jpg Reason:Error getting remote image
10-11-2024 @ 02:59:33 - Row :50 - Product updated successfully.
10-11-2024 @ 02:59:33 - Row :51 - Parsing item.
10-11-2024 @ 02:59:33 - Row :51 - Processing item.
10-11-2024 @ 02:59:33 - Found simple product object. ID:1011484
10-11-2024 @ 02:59:33 - Setting Featured Image. URL:http://localhost/p_shop/wp-content/uploads/2024/100/image3 (10).jpg
10-11-2024 @ 02:59:41 - URL:http://localhost/p_shop/wp-content/uploads/2024/100/image3 (10).jpg Reason:Error getting remote image
10-11-2024 @ 02:59:41 - Row :51 - Product updated successfully.
10-11-2024 @ 02:59:41 - Row :52 - Parsing item.
10-11-2024 @ 02:59:41 - Row :52 - Processing item.
10-11-2024 @ 02:59:41 - Found simple product object. ID:1011488
10-11-2024 @ 02:59:41 - Setting Featured Image. URL:http://localhost/p_shop/wp-content/uploads/2024/10/image2 (7).jpg
10-11-2024 @ 02:59:42 - Attachment ID:10176849
10-11-2024 @ 02:59:43 - Row :52 - Product updated successfully.
10-11-2024 @ 02:59:43 - Row :53 - Parsing item.
10-11-2024 @ 02:59:43 - Row :53 - Processing item.
10-11-2024 @ 02:59:43 - Found simple product object. ID:1011624
10-11-2024 @ 02:59:43 - Setting Featured Image. URL:http://localhost/p_shop/wp-content/uploads/2024/1830/image3 (3).jpg
10-11-2024 @ 02:59:50 - URL:http://localhost/p_shop/wp-content/uploads/2024/1830/image3 (3).jpg Reason:Error getting remote image
10-11-2024 @ 02:59:50 - Row :53 - Product updated successfully.
10-11-2024 @ 02:59:50 - Row :54 - Parsing item.
10-11-2024 @ 02:59:51 - Row :54 - Processing item.
10-11-2024 @ 02:59:51 - Found simple product object. ID:1011625
10-11-2024 @ 02:59:51 - Setting Featured Image. URL:http://localhost/p_shop/wp-content/uploads/2024/180/image3 (18).jpg
10-11-2024 @ 03:00:00 - URL:http://localhost/p_shop/wp-content/uploads/2024/180/image3 (18).jpg Reason:Error getting remote image
10-11-2024 @ 03:00:00 - Row :54 - Product updated successfully.
10-11-2024 @ 03:00:00 - Row :55 - Parsing item.
10-11-2024 @ 03:00:00 - Row :55 - Processing item.
10-11-2024 @ 03:00:00 - Found simple product object. ID:1011672
10-11-2024 @ 03:00:00 - Setting Featured Image. URL:http://localhost/p_shop/wp-content/uploads/2024/200/image3 (20).jpg
10-11-2024 @ 03:00:07 - URL:http://localhost/p_shop/wp-content/uploads/2024/200/image3 (20).jpg Reason:Error getting remote image
10-11-2024 @ 03:00:07 - Row :55 - Product updated successfully.
10-11-2024 @ 03:00:07 - Row :56 - Parsing item.
10-11-2024 @ 03:00:07 - Row :56 - Processing item.
10-11-2024 @ 03:00:07 - Found simple product object. ID:1011679
10-11-2024 @ 03:00:07 - Setting Featured Image. URL:http://localhost/p_shop/wp-content/uploads/2024/220/image3 (22).jpg
10-11-2024 @ 03:00:15 - URL:http://localhost/p_shop/wp-content/uploads/2024/220/image3 (22).jpg Reason:Error getting remote image
10-11-2024 @ 03:00:16 - Row :56 - Product updated successfully.
10-11-2024 @ 03:00:16 - Row :57 - Parsing item.
10-11-2024 @ 03:00:16 - Row :57 - Processing item.
10-11-2024 @ 03:00:16 - Found simple product object. ID:1012708
10-11-2024 @ 03:00:16 - Setting Featured Image. URL:http://localhost/p_shop/wp-content/uploads/2024/230/image3 (23).jpg
10-11-2024 @ 03:00:23 - URL:http://localhost/p_shop/wp-content/uploads/2024/230/image3 (23).jpg Reason:Error getting remote image
10-11-2024 @ 03:00:23 - Row :57 - Product updated successfully.
10-11-2024 @ 03:00:23 - Row :58 - Parsing item.
10-11-2024 @ 03:00:23 - Row :58 - Processing item.
10-11-2024 @ 03:00:23 - Found simple product object. ID:1012779
10-11-2024 @ 03:00:23 - Setting Featured Image. URL:http://localhost/p_shop/wp-content/uploads/2025/250/image3 (25).jpg
10-11-2024 @ 03:00:30 - URL:http://localhost/p_shop/wp-content/uploads/2025/250/image3 (25).jpg Reason:Error getting remote image
10-11-2024 @ 03:00:31 - Row :58 - Product updated successfully.
10-11-2024 @ 03:00:31 - Row :59 - Parsing item.
10-11-2024 @ 03:00:31 - Row :59 - Processing item.
10-11-2024 @ 03:00:31 - Found simple product object. ID:1013659
10-11-2024 @ 03:00:31 - Setting Featured Image. URL:http://localhost/p_shop/wp-content/uploads/2024/10/image2 (8).jpg
10-11-2024 @ 03:00:32 - Attachment ID:10176850
10-11-2024 @ 03:00:32 - Row :59 - Product updated successfully.
10-11-2024 @ 03:00:32 - Row :60 - Parsing item.
10-11-2024 @ 03:00:32 - Row :60 - Processing item.
10-11-2024 @ 03:00:32 - Found simple product object. ID:1013848
10-11-2024 @ 03:00:32 - Setting Featured Image. URL:http://localhost/p_shop/wp-content/uploads/2027/270/image3 (27).jpg
10-11-2024 @ 03:00:40 - URL:http://localhost/p_shop/wp-content/uploads/2027/270/image3 (27).jpg Reason:Error getting remote image
10-11-2024 @ 03:00:40 - Row :60 - Product updated successfully.
10-11-2024 @ 03:00:43 - Preparing for import.
10-11-2024 @ 03:00:43 - Row :61 - Parsing item.
10-11-2024 @ 03:00:43 - Row :61 - Processing item.
10-11-2024 @ 03:00:43 - Found simple product object. ID:1013851
10-11-2024 @ 03:00:43 - Setting Featured Image. URL:http://localhost/p_shop/wp-content/uploads/2024/10/image2 (9).jpg
10-11-2024 @ 03:00:43 - Attachment ID:10176851
10-11-2024 @ 03:00:43 - Row :61 - Product updated successfully.
10-11-2024 @ 03:00:43 - Row :62 - Parsing item.
10-11-2024 @ 03:00:43 - Row :62 - Processing item.
10-11-2024 @ 03:00:43 - Found simple product object. ID:1013864
10-11-2024 @ 03:00:43 - Setting Featured Image. URL:http://localhost/p_shop/wp-content/uploads/2024/10/image1 (39).jpg
10-11-2024 @ 03:00:51 - URL:http://localhost/p_shop/wp-content/uploads/2024/10/image1 (39).jpg Reason:Error getting remote image
10-11-2024 @ 03:00:51 - Row :62 - Product updated successfully.
10-11-2024 @ 03:00:51 - Row :63 - Parsing item.
10-11-2024 @ 03:00:51 - Row :63 - Processing item.
10-11-2024 @ 03:00:51 - Found simple product object. ID:1013866
10-11-2024 @ 03:00:51 - Setting Featured Image. URL:http://localhost/p_shop/wp-content/uploads/2024/10/image1 (40).jpg
10-11-2024 @ 03:00:58 - URL:http://localhost/p_shop/wp-content/uploads/2024/10/image1 (40).jpg Reason:Error getting remote image
10-11-2024 @ 03:00:58 - Row :63 - Product updated successfully.
10-11-2024 @ 03:00:58 - Row :64 - Parsing item.
10-11-2024 @ 03:00:58 - Row :64 - Processing item.
10-11-2024 @ 03:00:58 - Found simple product object. ID:1013891
10-11-2024 @ 03:00:58 - Setting Featured Image. URL:http://localhost/p_shop/wp-content/uploads/2024/10/image1 (43).jpg
10-11-2024 @ 03:01:06 - URL:http://localhost/p_shop/wp-content/uploads/2024/10/image1 (43).jpg Reason:Error getting remote image
10-11-2024 @ 03:01:07 - Row :64 - Product updated successfully.
10-11-2024 @ 03:01:07 - Row :65 - Parsing item.
10-11-2024 @ 03:01:07 - Row :65 - Processing item.
10-11-2024 @ 03:01:07 - Found simple product object. ID:1013899
10-11-2024 @ 03:01:07 - Setting Featured Image. URL:http://localhost/p_shop/wp-content/uploads/2024/10/image1 (46).jpg
10-11-2024 @ 03:01:14 - URL:http://localhost/p_shop/wp-content/uploads/2024/10/image1 (46).jpg Reason:Error getting remote image
10-11-2024 @ 03:01:15 - Row :65 - Product updated successfully.
10-11-2024 @ 03:01:15 - Row :66 - Parsing item.
10-11-2024 @ 03:01:15 - Row :66 - Processing item.
10-11-2024 @ 03:01:15 - Found simple product object. ID:1013904
10-11-2024 @ 03:01:15 - Setting Featured Image. URL:http://localhost/p_shop/wp-content/uploads/2024/10/image1 (48).jpg
10-11-2024 @ 03:01:22 - URL:http://localhost/p_shop/wp-content/uploads/2024/10/image1 (48).jpg Reason:Error getting remote image
10-11-2024 @ 03:01:22 - Row :66 - Product updated successfully.
10-11-2024 @ 03:01:22 - Row :67 - Parsing item.
10-11-2024 @ 03:01:22 - Row :67 - Processing item.
10-11-2024 @ 03:01:22 - Found simple product object. ID:1014042
10-11-2024 @ 03:01:22 - Setting Featured Image. URL:http://localhost/p_shop/wp-content/uploads/2024/10/image1 (50).jpg
10-11-2024 @ 03:01:31 - URL:http://localhost/p_shop/wp-content/uploads/2024/10/image1 (50).jpg Reason:Error getting remote image
10-11-2024 @ 03:01:31 - Row :67 - Product updated successfully.
10-11-2024 @ 03:01:31 - Row :68 - Parsing item.
10-11-2024 @ 03:01:31 - Row :68 - Processing item.
10-11-2024 @ 03:01:31 - Found simple product object. ID:1014075
10-11-2024 @ 03:01:31 - Setting Featured Image. URL:http://localhost/p_shop/wp-content/uploads/2024/10/image1 (51).jpg
10-11-2024 @ 03:01:38 - URL:http://localhost/p_shop/wp-content/uploads/2024/10/image1 (51).jpg Reason:Error getting remote image
10-11-2024 @ 03:01:39 - Row :68 - Product updated successfully.
10-11-2024 @ 03:01:39 - Row :69 - Parsing item.
10-11-2024 @ 03:01:39 - Row :69 - Processing item.
10-11-2024 @ 03:01:39 - Found simple product object. ID:1014078
10-11-2024 @ 03:01:39 - Setting Featured Image. URL:http://localhost/p_shop/wp-content/uploads/2024/10/image1 (53).jpg
10-11-2024 @ 03:01:46 - URL:http://localhost/p_shop/wp-content/uploads/2024/10/image1 (53).jpg Reason:Error getting remote image
10-11-2024 @ 03:01:46 - Row :69 - Product updated successfully.
10-11-2024 @ 03:01:46 - Row :70 - Parsing item.
10-11-2024 @ 03:01:46 - Row :70 - Processing item.
10-11-2024 @ 03:01:46 - Found simple product object. ID:1014684
10-11-2024 @ 03:01:46 - Setting Featured Image. URL:http://localhost/p_shop/wp-content/uploads/2024/10/image1 (54).jpg
10-11-2024 @ 03:01:54 - URL:http://localhost/p_shop/wp-content/uploads/2024/10/image1 (54).jpg Reason:Error getting remote image
10-11-2024 @ 03:01:54 - Row :70 - Product updated successfully.
10-11-2024 @ 03:01:54 - Row :71 - Parsing item.
10-11-2024 @ 03:01:54 - Row :71 - Processing item.
10-11-2024 @ 03:01:54 - Found simple product object. ID:1014798
10-11-2024 @ 03:01:54 - Setting Featured Image. URL:http://localhost/p_shop/wp-content/uploads/2024/10/image1 (56).jpg
10-11-2024 @ 03:02:03 - URL:http://localhost/p_shop/wp-content/uploads/2024/10/image1 (56).jpg Reason:Error getting remote image
10-11-2024 @ 03:02:03 - Row :71 - Product updated successfully.
10-11-2024 @ 03:02:03 - Row :72 - Parsing item.
10-11-2024 @ 03:02:03 - Row :72 - Processing item.
10-11-2024 @ 03:02:03 - Found simple product object. ID:1014818
10-11-2024 @ 03:02:03 - Setting Featured Image. URL:http://localhost/p_shop/wp-content/uploads/2024/10/image1 (57).jpg
10-11-2024 @ 03:02:11 - URL:http://localhost/p_shop/wp-content/uploads/2024/10/image1 (57).jpg Reason:Error getting remote image
10-11-2024 @ 03:02:11 - Row :72 - Product updated successfully.
10-11-2024 @ 03:02:11 - Row :73 - Parsing item.
10-11-2024 @ 03:02:11 - Row :73 - Processing item.
10-11-2024 @ 03:02:11 - Found simple product object. ID:1014825
10-11-2024 @ 03:02:11 - Setting Featured Image. URL:http://localhost/p_shop/wp-content/uploads/2024/10/image1 (59).jpg
10-11-2024 @ 03:02:19 - URL:http://localhost/p_shop/wp-content/uploads/2024/10/image1 (59).jpg Reason:Error getting remote image
10-11-2024 @ 03:02:19 - Row :73 - Product updated successfully.
10-11-2024 @ 03:02:19 - Row :74 - Parsing item.
10-11-2024 @ 03:02:19 - Row :74 - Processing item.
10-11-2024 @ 03:02:19 - Found simple product object. ID:1014828
10-11-2024 @ 03:02:19 - Setting Featured Image. URL:http://localhost/p_shop/wp-content/uploads/2024/10/image1 (60).jpg
10-11-2024 @ 03:02:27 - URL:http://localhost/p_shop/wp-content/uploads/2024/10/image1 (60).jpg Reason:Error getting remote image
10-11-2024 @ 03:02:27 - Row :74 - Product updated successfully.
10-11-2024 @ 03:02:27 - Row :75 - Parsing item.
10-11-2024 @ 03:02:27 - Row :75 - Processing item.
10-11-2024 @ 03:02:27 - Found simple product object. ID:1014909
10-11-2024 @ 03:02:27 - Setting Featured Image. URL:http://localhost/p_shop/wp-content/uploads/2024/10/image2 (13).jpg
10-11-2024 @ 03:02:28 - Attachment ID:10176852
10-11-2024 @ 03:02:28 - Row :75 - Product updated successfully.
10-11-2024 @ 03:02:28 - Row :76 - Parsing item.
10-11-2024 @ 03:02:28 - Row :76 - Processing item.
10-11-2024 @ 03:02:28 - Found simple product object. ID:1015416
10-11-2024 @ 03:02:28 - Setting Featured Image. URL:http://localhost/p_shop/wp-content/uploads/2024/240/image3 (31).jpg
10-11-2024 @ 03:02:36 - URL:http://localhost/p_shop/wp-content/uploads/2024/240/image3 (31).jpg Reason:Error getting remote image
10-11-2024 @ 03:02:36 - Row :76 - Product updated successfully.
10-11-2024 @ 03:02:36 - Row :77 - Parsing item.
10-11-2024 @ 03:02:36 - Row :77 - Processing item.
10-11-2024 @ 03:02:36 - Found simple product object. ID:10063723
10-11-2024 @ 03:02:36 - Setting Featured Image. URL:http://localhost/p_shop/wp-content/uploads/2024/10/image2 (14).jpg
10-11-2024 @ 03:02:37 - Attachment ID:10176853
10-11-2024 @ 03:02:38 - Row :77 - Product updated successfully.
10-11-2024 @ 03:02:38 - Row :78 - Parsing item.
10-11-2024 @ 03:02:38 - Row :78 - Processing item.
10-11-2024 @ 03:02:38 - Found simple product object. ID:10063735
10-11-2024 @ 03:02:38 - Setting Featured Image. URL:http://localhost/p_shop/wp-content/uploads/2024/10/image2 (16).jpg
10-11-2024 @ 03:02:38 - Attachment ID:10176854
10-11-2024 @ 03:02:38 - Row :78 - Product updated successfully.
10-11-2024 @ 03:02:38 - Row :79 - Parsing item.
10-11-2024 @ 03:02:38 - Row :79 - Processing item.
10-11-2024 @ 03:02:38 - Found simple product object. ID:10063755
10-11-2024 @ 03:02:38 - Setting Featured Image. URL:http://localhost/p_shop/wp-content/uploads/2024/10/image2 (17).jpg
10-11-2024 @ 03:02:38 - Attachment ID:10176855
10-11-2024 @ 03:02:39 - Row :79 - Product updated successfully.
10-11-2024 @ 03:02:39 - Row :80 - Parsing item.
10-11-2024 @ 03:02:39 - Row :80 - Processing item.
10-11-2024 @ 03:02:39 - Found simple product object. ID:10063767
10-11-2024 @ 03:02:39 - Setting Featured Image. URL:http://localhost/p_shop/wp-content/uploads/2024/10/image2 (18).jpg
10-11-2024 @ 03:02:40 - Attachment ID:10176856
10-11-2024 @ 03:02:40 - Row :80 - Product updated successfully.
10-11-2024 @ 03:02:40 - Row :81 - Parsing item.
10-11-2024 @ 03:02:40 - Row :81 - Processing item.
10-11-2024 @ 03:02:40 - Found simple product object. ID:10063795
10-11-2024 @ 03:02:40 - Setting Featured Image. URL:http://localhost/p_shop/wp-content/uploads/2024/10/image2 (20).jpg
10-11-2024 @ 03:02:41 - Attachment ID:10176857
10-11-2024 @ 03:02:41 - Row :81 - Product updated successfully.
10-11-2024 @ 03:02:41 - Row :82 - Parsing item.
10-11-2024 @ 03:02:41 - Row :82 - Processing item.
10-11-2024 @ 03:02:41 - Found simple product object. ID:10063803
10-11-2024 @ 03:02:41 - Setting Featured Image. URL:http://localhost/p_shop/wp-content/uploads/2024/10/image2 (21).jpg
10-11-2024 @ 03:02:41 - Attachment ID:10176858
10-11-2024 @ 03:02:42 - Row :82 - Product updated successfully.
10-11-2024 @ 03:02:42 - Row :83 - Parsing item.
10-11-2024 @ 03:02:42 - Row :83 - Processing item.
10-11-2024 @ 03:02:42 - Found simple product object. ID:10063811
10-11-2024 @ 03:02:42 - Setting Featured Image. URL:http://localhost/p_shop/wp-content/uploads/2024/10/image2 (22).jpg
10-11-2024 @ 03:02:42 - Attachment ID:10176859
10-11-2024 @ 03:02:42 - Row :83 - Product updated successfully.
10-11-2024 @ 03:02:42 - Row :84 - Parsing item.
10-11-2024 @ 03:02:42 - Row :84 - Processing item.
10-11-2024 @ 03:02:42 - Found simple product object. ID:10063853
10-11-2024 @ 03:02:42 - Setting Featured Image. URL:http://localhost/p_shop/wp-content/uploads/2024/10/image2 (23).jpg
10-11-2024 @ 03:02:42 - Attachment ID:10176860
10-11-2024 @ 03:02:42 - Row :84 - Product updated successfully.
10-11-2024 @ 03:02:42 - Row :85 - Parsing item.
10-11-2024 @ 03:02:42 - Row :85 - Processing item.
10-11-2024 @ 03:02:42 - Found simple product object. ID:10063861
10-11-2024 @ 03:02:42 - Setting Featured Image. URL:http://localhost/p_shop/wp-content/uploads/2024/10/image2 (24).jpg
10-11-2024 @ 03:02:42 - Attachment ID:10176861
10-11-2024 @ 03:02:42 - Row :85 - Product updated successfully.
10-11-2024 @ 03:02:42 - Row :86 - Parsing item.
10-11-2024 @ 03:02:42 - Row :86 - Processing item.
10-11-2024 @ 03:02:42 - Found simple product object. ID:10063863
10-11-2024 @ 03:02:42 - Setting Featured Image. URL:http://localhost/p_shop/wp-content/uploads/2024/10/image2 (25).jpg
10-11-2024 @ 03:02:42 - Attachment ID:10176862
10-11-2024 @ 03:02:43 - Row :86 - Product updated successfully.
10-11-2024 @ 03:02:43 - Row :87 - Parsing item.
10-11-2024 @ 03:02:43 - Row :87 - Processing item.
10-11-2024 @ 03:02:43 - Found simple product object. ID:10063867
10-11-2024 @ 03:02:43 - Setting Featured Image. URL:http://localhost/p_shop/wp-content/uploads/2024/10/image2 (27).jpg
10-11-2024 @ 03:02:43 - Attachment ID:10176863
10-11-2024 @ 03:02:43 - Row :87 - Product updated successfully.
10-11-2024 @ 03:02:43 - Row :88 - Parsing item.
10-11-2024 @ 03:02:43 - Row :88 - Processing item.
10-11-2024 @ 03:02:43 - Found simple product object. ID:10063875
10-11-2024 @ 03:02:43 - Setting Featured Image. URL:http://localhost/p_shop/wp-content/uploads/2024/10/image2 (28).jpg
10-11-2024 @ 03:02:43 - Attachment ID:10176864
10-11-2024 @ 03:02:43 - Row :88 - Product updated successfully.
10-11-2024 @ 03:02:43 - Row :89 - Parsing item.
10-11-2024 @ 03:02:44 - Row :89 - Processing item.
10-11-2024 @ 03:02:44 - Found simple product object. ID:10063877
10-11-2024 @ 03:02:44 - Setting Featured Image. URL:http://localhost/p_shop/wp-content/uploads/2024/10/image2 (30).jpg
10-11-2024 @ 03:02:44 - Attachment ID:10176865
10-11-2024 @ 03:02:44 - Row :89 - Product updated successfully.
10-11-2024 @ 03:02:44 - Row :90 - Parsing item.
10-11-2024 @ 03:02:44 - Row :90 - Processing item.
10-11-2024 @ 03:02:44 - Found simple product object. ID:10063881
10-11-2024 @ 03:02:44 - Setting Featured Image. URL:http://localhost/p_shop/wp-content/uploads/2024/10/image2 (32).jpg
10-11-2024 @ 03:02:44 - Attachment ID:10176866
10-11-2024 @ 03:02:44 - Row :90 - Product updated successfully.
10-11-2024 @ 03:02:47 - Preparing for import.
10-11-2024 @ 03:02:47 - Row :91 - Parsing item.
10-11-2024 @ 03:02:47 - Row :91 - Processing item.
10-11-2024 @ 03:02:47 - Found simple product object. ID:10063883
10-11-2024 @ 03:02:47 - Setting Featured Image. URL:http://localhost/p_shop/wp-content/uploads/2024/10/image2 (33).jpg
10-11-2024 @ 03:02:47 - Attachment ID:10176867
10-11-2024 @ 03:02:47 - Row :91 - Product updated successfully.
10-11-2024 @ 03:02:47 - Row :92 - Parsing item.
10-11-2024 @ 03:02:47 - Row :92 - Processing item.
10-11-2024 @ 03:02:47 - Found simple product object. ID:10063887
10-11-2024 @ 03:02:47 - Setting Featured Image. URL:http://localhost/p_shop/wp-content/uploads/2024/10/image2 (36).jpg
10-11-2024 @ 03:02:47 - Attachment ID:10176868
10-11-2024 @ 03:02:48 - Row :92 - Product updated successfully.
10-11-2024 @ 03:02:48 - Row :93 - Parsing item.
10-11-2024 @ 03:02:48 - Row :93 - Processing item.
10-11-2024 @ 03:02:48 - Found simple product object. ID:10063895
10-11-2024 @ 03:02:48 - Setting Featured Image. URL:http://localhost/p_shop/wp-content/uploads/2024/10/image2 (37).jpg
10-11-2024 @ 03:02:48 - Attachment ID:10176869
10-11-2024 @ 03:02:48 - Row :93 - Product updated successfully.
10-11-2024 @ 03:02:48 - Row :94 - Parsing item.
10-11-2024 @ 03:02:48 - Row :94 - Processing item.
10-11-2024 @ 03:02:48 - Found simple product object. ID:10063897
10-11-2024 @ 03:02:48 - Setting Featured Image. URL:http://localhost/p_shop/wp-content/uploads/2024/10/image2 (39).jpg
10-11-2024 @ 03:02:48 - Attachment ID:10176870
10-11-2024 @ 03:02:48 - Row :94 - Product updated successfully.
10-11-2024 @ 03:02:48 - Row :95 - Parsing item.
10-11-2024 @ 03:02:48 - Row :95 - Processing item.
10-11-2024 @ 03:02:48 - Found simple product object. ID:10063901
10-11-2024 @ 03:02:48 - Setting Featured Image. URL:http://localhost/p_shop/wp-content/uploads/2024/10/image2 (40).jpg
10-11-2024 @ 03:02:48 - Attachment ID:10176871
10-11-2024 @ 03:02:48 - Row :95 - Product updated successfully.
10-11-2024 @ 03:02:48 - Row :96 - Parsing item.
10-11-2024 @ 03:02:48 - Row :96 - Processing item.
10-11-2024 @ 03:02:48 - Found simple product object. ID:10063911
10-11-2024 @ 03:02:48 - Setting Featured Image. URL:http://localhost/p_shop/wp-content/uploads/2024/10/image2 (41).jpg
10-11-2024 @ 03:02:48 - Attachment ID:10176872
10-11-2024 @ 03:02:48 - Row :96 - Product updated successfully.
10-11-2024 @ 03:02:48 - Row :97 - Parsing item.
10-11-2024 @ 03:02:48 - Row :97 - Processing item.
10-11-2024 @ 03:02:48 - Found simple product object. ID:10063923
10-11-2024 @ 03:02:48 - Setting Featured Image. URL:http://localhost/p_shop/wp-content/uploads/2024/10/image2 (42).jpg
10-11-2024 @ 03:02:49 - Attachment ID:10176873
10-11-2024 @ 03:02:49 - Row :97 - Product updated successfully.
10-11-2024 @ 03:02:49 - Row :98 - Parsing item.
10-11-2024 @ 03:02:49 - Row :98 - Processing item.
10-11-2024 @ 03:02:49 - Found simple product object. ID:10063925
10-11-2024 @ 03:02:49 - Setting Featured Image. URL:http://localhost/p_shop/wp-content/uploads/2024/10/image2 (43).jpg
10-11-2024 @ 03:02:49 - Attachment ID:10176874
10-11-2024 @ 03:02:49 - Row :98 - Product updated successfully.
10-11-2024 @ 03:02:49 - Row :99 - Parsing item.
10-11-2024 @ 03:02:49 - Row :99 - Processing item.
10-11-2024 @ 03:02:49 - Found simple product object. ID:10063955
10-11-2024 @ 03:02:49 - Setting Featured Image. URL:http://localhost/p_shop/wp-content/uploads/2024/10/image2 (44).jpg
10-11-2024 @ 03:02:49 - Attachment ID:10176875
10-11-2024 @ 03:02:50 - Row :99 - Product updated successfully.
10-11-2024 @ 03:02:50 - Row :100 - Parsing item.
10-11-2024 @ 03:02:50 - Row :100 - Processing item.
10-11-2024 @ 03:02:50 - Found simple product object. ID:10063979
10-11-2024 @ 03:02:50 - Setting Featured Image. URL:http://localhost/p_shop/wp-content/uploads/2024/10/image2 (48).jpg
10-11-2024 @ 03:02:50 - Attachment ID:10176876
10-11-2024 @ 03:02:50 - Row :100 - Product updated successfully.
10-11-2024 @ 03:02:50 - ---[ Import ended at 2024-10-10 20:02:50]---
